Traceback (most recent call last):
  File "/home/lliu/binance_historical_data/create_csv.py", line 10, in <module>
    data_dumper = binance_historical_data.data_dumper.BinanceDataDumper(
                  ^^^^^^^^^^^^^^^^^^^^^^^^^^^^^^^^^^^^^^^^^^^^^^^^^^^^^^
  File "/home/lliu/binance_historical_data/src/binance_historical_data/data_dumper.py", line 87, in __init__
    self._load_df()
  File "/home/lliu/binance_historical_data/src/binance_historical_data/data_dumper.py", line 97, in _load_df
    self.path_to_tickers = self._PATH_TO_TICKER_CSV.replace("{asset_class}",asset_class)
                                                                            ^^^^^^^^^^^
NameError: name 'asset_class' is not defined. Did you mean: 'issubclass'?
discovered 539 new tickers
Traceback (most recent call last):
  File "/home/lliu/binance_historical_data/create_csv.py", line 10, in <module>
    data_dumper = binance_historical_data.data_dumper.BinanceDataDumper(
                  ^^^^^^^^^^^^^^^^^^^^^^^^^^^^^^^^^^^^^^^^^^^^^^^^^^^^^^
  File "/home/lliu/binance_historical_data/src/binance_historical_data/data_dumper.py", line 89, in __init__
    self.df = self._update_df(self.df)
              ^^^^^^^^^^^^^^^^^^^^^^^^
  File "/home/lliu/binance_historical_data/src/binance_historical_data/data_dumper.py", line 143, in _update_df
    if t not in self.total_ticker_hash:
                ^^^^^^^^^^^^^^^^^^^^^^
AttributeError: 'BinanceDataDumper' object has no attribute 'total_ticker_hash'
